<?xml version="1.0" encoding="UTF-8"?>
<coverage generated="1513130974300" clover="3.2.0">
  <project timestamp="1513130974301" name="All files">
    <metrics statements="5" coveredstatements="4" conditionals="8" coveredconditionals="4" methods="3" coveredmethods="1" elements="16" coveredelements="9" complexity="0" loc="5" ncloc="5" packages="1" files="1" classes="1">
      <file name="Suggestion.js" path="/Users/joe.fusco/Projects/Personal/react-predictive-input/src/component/js/Suggestion.js">
        <metrics statements="5" coveredstatements="4" conditionals="8" coveredconditionals="4" methods="3" coveredmethods="1"/>
        <line num="1" count="1" type="cond" truecount="1" falsecount="3"/>
        <line num="2" count="2" type="cond" truecount="3" falsecount="1"/>
        <line num="4" count="1" type="stmt"/>
        <line num="5" count="0" type="stmt"/>
        <line num="14" count="1" type="stmt"/>
      </file>
    </metrics>
  </project>
</coverage>
