{"/Users/Rinzler/Projects/Personal/react-predictive-input/src/component/js/Suggestion.js": {"path":"/Users/Rinzler/Projects/Personal/react-predictive-input/src/component/js/Suggestion.js","statementMap":{"0":{"start":{"line":1,"column":117},"end":{"line":1,"column":348}},"1":{"start":{"line":1,"column":153},"end":{"line":1,"column":333}},"2":{"start":{"line":1,"column":210},"end":{"line":1,"column":222}},"3":{"start":{"line":1,"column":223},"end":{"line":1,"column":332}},"4":{"start":{"line":1,"column":248},"end":{"line":1,"column":331}},"5":{"start":{"line":1,"column":304},"end":{"line":1,"column":330}},"6":{"start":{"line":1,"column":333},"end":{"line":1,"column":347}},"7":{"start":{"line":3,"column":166},"end":{"line":3,"column":220}},"8":{"start":{"line":5,"column":17},"end":{"line":11,"column":1}},"9":{"start":{"line":6,"column":1},"end":{"line":9,"column":11}},"10":{"start":{"line":15,"column":0},"end":{"line":18,"column":84}}},"fnMap":{"0":{"name":"(anonymous_0)","decl":{"start":{"line":1,"column":134},"end":{"line":1,"column":135}},"loc":{"start":{"line":1,"column":152},"end":{"line":1,"column":348}}},"1":{"name":"_interopRequireDefault","decl":{"start":{"line":3,"column":137},"end":{"line":3,"column":159}},"loc":{"start":{"line":3,"column":165},"end":{"line":3,"column":221}}},"2":{"name":"Suggestion","decl":{"start":{"line":5,"column":26},"end":{"line":5,"column":36}},"loc":{"start":{"line":5,"column":44},"end":{"line":11,"column":1}}}},"branchMap":{"0":{"loc":{"start":{"line":1,"column":117},"end":{"line":1,"column":348}},"type":"binary-expr","locations":[{"start":{"line":1,"column":117},"end":{"line":1,"column":130}},{"start":{"line":1,"column":134},"end":{"line":1,"column":348}}]},"1":{"loc":{"start":{"line":1,"column":248},"end":{"line":1,"column":331}},"type":"if","locations":[{"start":{"line":1,"column":248},"end":{"line":1,"column":331}},{"start":{"line":1,"column":248},"end":{"line":1,"column":331}}]},"2":{"loc":{"start":{"line":3,"column":173},"end":{"line":3,"column":219}},"type":"cond-expr","locations":[{"start":{"line":3,"column":197},"end":{"line":3,"column":200}},{"start":{"line":3,"column":203},"end":{"line":3,"column":219}}]},"3":{"loc":{"start":{"line":3,"column":173},"end":{"line":3,"column":194}},"type":"binary-expr","locations":[{"start":{"line":3,"column":173},"end":{"line":3,"column":176}},{"start":{"line":3,"column":180},"end":{"line":3,"column":194}}]}},"s":{"0":1,"1":0,"2":0,"3":0,"4":0,"5":0,"6":0,"7":1,"8":1,"9":1,"10":1},"f":{"0":0,"1":1,"2":1},"b":{"0":[1,0],"1":[0,0],"2":[0,1],"3":[1,1]},"_coverageSchema":"332fd63041d2c1bcb487cc26dd0d5f7d97098a6c","hash":"e3275d0544eaf0eb463a824538bf63ee4b77047b"}
}
