{"/Users/joe.fusco/Projects/Personal/react-predictive-input/src/component/js/Suggestion.js": {"path":"/Users/joe.fusco/Projects/Personal/react-predictive-input/src/component/js/Suggestion.js","statementMap":{"0":{"start":{"line":1,"column":39},"end":{"line":1,"column":101}},"1":{"start":{"line":1,"column":116},"end":{"line":1,"column":347}},"2":{"start":{"line":1,"column":152},"end":{"line":1,"column":332}},"3":{"start":{"line":1,"column":209},"end":{"line":1,"column":221}},"4":{"start":{"line":1,"column":222},"end":{"line":1,"column":331}},"5":{"start":{"line":1,"column":247},"end":{"line":1,"column":330}},"6":{"start":{"line":1,"column":303},"end":{"line":1,"column":329}},"7":{"start":{"line":1,"column":332},"end":{"line":1,"column":346}},"8":{"start":{"line":2,"column":183},"end":{"line":2,"column":237}},"9":{"start":{"line":4,"column":17},"end":{"line":10,"column":1}},"10":{"start":{"line":5,"column":2},"end":{"line":8,"column":13}},"11":{"start":{"line":14,"column":0},"end":{"line":17,"column":79}}},"fnMap":{"0":{"name":"(anonymous_0)","decl":{"start":{"line":1,"column":133},"end":{"line":1,"column":134}},"loc":{"start":{"line":1,"column":151},"end":{"line":1,"column":347}},"line":1},"1":{"name":"_interopRequireDefault","decl":{"start":{"line":2,"column":154},"end":{"line":2,"column":176}},"loc":{"start":{"line":2,"column":182},"end":{"line":2,"column":238}},"line":2},"2":{"name":"Suggestion","decl":{"start":{"line":4,"column":26},"end":{"line":4,"column":36}},"loc":{"start":{"line":4,"column":44},"end":{"line":10,"column":1}},"line":4}},"branchMap":{"0":{"loc":{"start":{"line":1,"column":116},"end":{"line":1,"column":347}},"type":"binary-expr","locations":[{"start":{"line":1,"column":116},"end":{"line":1,"column":129}},{"start":{"line":1,"column":133},"end":{"line":1,"column":347}}],"line":1},"1":{"loc":{"start":{"line":1,"column":247},"end":{"line":1,"column":330}},"type":"if","locations":[{"start":{"line":1,"column":247},"end":{"line":1,"column":330}},{"start":{"line":1,"column":247},"end":{"line":1,"column":330}}],"line":1},"2":{"loc":{"start":{"line":2,"column":190},"end":{"line":2,"column":236}},"type":"cond-expr","locations":[{"start":{"line":2,"column":214},"end":{"line":2,"column":217}},{"start":{"line":2,"column":220},"end":{"line":2,"column":236}}],"line":2},"3":{"loc":{"start":{"line":2,"column":190},"end":{"line":2,"column":211}},"type":"binary-expr","locations":[{"start":{"line":2,"column":190},"end":{"line":2,"column":193}},{"start":{"line":2,"column":197},"end":{"line":2,"column":211}}],"line":2}},"s":{"0":1,"1":1,"2":0,"3":0,"4":0,"5":0,"6":0,"7":0,"8":2,"9":1,"10":0,"11":1},"f":{"0":0,"1":2,"2":0},"b":{"0":[1,0],"1":[0,0],"2":[0,2],"3":[2,2]},"_coverageSchema":"332fd63041d2c1bcb487cc26dd0d5f7d97098a6c","hash":"80fb9a133bd26b855060dd1da9c4aa1ecbff1fe5"}
}
